<?xml version="1.0" encoding="UTF-8" ?>
<testsuite errors="0" failures="0" hostname="DESKTOP-V9COITK" name="pl.polsl.java.michal.jakobczyk.lab5.test.TextModelTest" skipped="0" tests="3" time="0.148" timestamp="2017-12-30T17:18:29">
  <properties>
[...]
</properties>
  <testcase classname="pl.polsl.java.michal.jakobczyk.lab5.test.TextModelTest" name="testGetOriginalTextString" time="0.086" />
  <testcase classname="pl.polsl.java.michal.jakobczyk.lab5.test.TextModelTest" name="testWriteDataToFile" time="0.007" />
  <testcase classname="pl.polsl.java.michal.jakobczyk.lab5.test.TextModelTest" name="testReadDataFromFile" time="0.006" />
  <system-out><![CDATA[]]></system-out>
  <system-err><![CDATA[]]></system-err>
</testsuite>
